Build started 12/13/2016 9:57:46 PM.
     1>Project "C:\Users\me\Documents\GitHub\AOOP\Project\Project.vcxproj" on node 2 (build target(s)).
     1>InitializeBuildStatus:
         Creating "Debug\Project.unsuccessfulbuild" because "AlwaysCreate" was specified.
       GenerateTargetFrameworkMonikerAttribute:
       Skipping target "GenerateTargetFrameworkMonikerAttribute" because all output files are up-to-date with respect to the input files.
       ClCompile:
         C:\Program Files\Microsoft Visual Studio 10.0\VC\bin\CL.exe /c /AI"C:\Program Files\Reference Assemblies\Microsoft\Framework\.NETFramework\v4.0" /Zi /clr:pure /nologo /W3 /WX- /Od /Oy- /D WIN32 /D _DEBUG /D _UNICODE /D UNICODE /EHa /MDd /GS /fp:precise /Zc:wchar_t /Zc:forScope /Yc"StdAfx.h" /Fp"Debug\Project.pch" /Fo"Debug\\" /Fd"Debug\vc100.pdb" /TP /FU"C:\Program Files\MySQL\Connector.NET 6.9\Assemblies\v4.0\MySql.Data.dll" /FU"C:\Program Files\Reference Assemblies\Microsoft\Framework\.NETFramework\v4.0\System.Core.dll" /FU"C:\Program Files\Reference Assemblies\Microsoft\Framework\.NETFramework\v4.0\System.Data.dll" /FU"C:\Program Files\Reference Assemblies\Microsoft\Framework\.NETFramework\v4.0\System.dll" /FU"C:\Program Files\Reference Assemblies\Microsoft\Framework\.NETFramework\v4.0\System.Drawing.dll" /FU"C:\Program Files\Reference Assemblies\Microsoft\Framework\.NETFramework\v4.0\System.Windows.Forms.DataVisualization.dll" /FU"C:\Program Files\Reference Assemblies\Microsoft\Framework\.NETFramework\v4.0\System.Windows.Forms.dll" /FU"C:\Program Files\Reference Assemblies\Microsoft\Framework\.NETFramework\v4.0\System.Xml.dll" /analyze- /errorReport:prompt stdafx.cpp /clr:nostdlib 
         stdafx.cpp
         C:\Program Files\Microsoft Visual Studio 10.0\VC\bin\CL.exe /c /AI"C:\Program Files\Reference Assemblies\Microsoft\Framework\.NETFramework\v4.0" /Zi /clr:pure /nologo /W3 /WX- /Od /Oy- /D WIN32 /D _DEBUG /D _UNICODE /D UNICODE /EHa /MDd /GS /fp:precise /Zc:wchar_t /Zc:forScope /Yu"StdAfx.h" /Fp"Debug\Project.pch" /Fo"Debug\\" /Fd"Debug\vc100.pdb" /TP /FU"C:\Program Files\MySQL\Connector.NET 6.9\Assemblies\v4.0\MySql.Data.dll" /FU"C:\Program Files\Reference Assemblies\Microsoft\Framework\.NETFramework\v4.0\System.Core.dll" /FU"C:\Program Files\Reference Assemblies\Microsoft\Framework\.NETFramework\v4.0\System.Data.dll" /FU"C:\Program Files\Reference Assemblies\Microsoft\Framework\.NETFramework\v4.0\System.dll" /FU"C:\Program Files\Reference Assemblies\Microsoft\Framework\.NETFramework\v4.0\System.Drawing.dll" /FU"C:\Program Files\Reference Assemblies\Microsoft\Framework\.NETFramework\v4.0\System.Windows.Forms.DataVisualization.dll" /FU"C:\Program Files\Reference Assemblies\Microsoft\Framework\.NETFramework\v4.0\System.Windows.Forms.dll" /FU"C:\Program Files\Reference Assemblies\Microsoft\Framework\.NETFramework\v4.0\System.Xml.dll" /analyze- /errorReport:prompt Account1.cpp AssemblyInfo.cpp MainWindow.cpp MYSQL.cpp Package.cpp Product.cpp Project.cpp PurchaseManage.cpp SaleSystemForm.cpp Staff1.cpp StoreInfo.cpp Supplier.cpp WareHouseForm.cpp WarehouseManage.cpp WarehouseManageUI.cpp /clr:nostdlib 
         Account1.cpp
         AssemblyInfo.cpp
         MainWindow.cpp
         MYSQL.cpp
     1>c:\users\me\documents\github\aoop\project\Staff.h(4): error C2146: syntax error : missing ';' before identifier 'name'
     1>c:\users\me\documents\github\aoop\project\Staff.h(4): error C4430: missing type specifier - int assumed. Note: C++ does not support default-int
     1>c:\users\me\documents\github\aoop\project\Staff.h(4): error C4430: missing type specifier - int assumed. Note: C++ does not support default-int
     1>c:\users\me\documents\github\aoop\project\Staff.h(5): error C2146: syntax error : missing ';' before identifier 'position'
     1>c:\users\me\documents\github\aoop\project\Staff.h(5): error C4430: missing type specifier - int assumed. Note: C++ does not support default-int
     1>c:\users\me\documents\github\aoop\project\Staff.h(5): error C4430: missing type specifier - int assumed. Note: C++ does not support default-int
     1>c:\users\me\documents\github\aoop\project\Staff.h(9): error C2061: syntax error : identifier 'string'
     1>c:\users\me\documents\github\aoop\project\Staff.h(11): error C2065: 'name' : undeclared identifier
     1>c:\users\me\documents\github\aoop\project\Staff.h(11): error C2065: '_name' : undeclared identifier
     1>c:\users\me\documents\github\aoop\project\Staff.h(12): error C2065: 'position' : undeclared identifier
     1>c:\users\me\documents\github\aoop\project\Staff.h(12): error C2065: '_position' : undeclared identifier
     1>c:\users\me\documents\github\aoop\project\Staff.h(13): error C2065: '_salary' : undeclared identifier
     1>MYSQL.cpp(33): error C2039: 'getID' : is not a member of 'Package'
                 c:\users\me\documents\github\aoop\project\Package.h(6) : see declaration of 'Package'
     1>MYSQL.cpp(55): error C2039: 'getPriceFew' : is not a member of 'Product'
                 c:\users\me\documents\github\aoop\project\Product.h(7) : see declaration of 'Product'
     1>MYSQL.cpp(56): error C2039: 'getPriceStack' : is not a member of 'Product'
                 c:\users\me\documents\github\aoop\project\Product.h(7) : see declaration of 'Product'
     1>MYSQL.cpp(57): error C2039: 'getTax' : is not a member of 'Product'
                 c:\users\me\documents\github\aoop\project\Product.h(7) : see declaration of 'Product'
     1>MYSQL.cpp(117): error C2661: 'Product::Product' : no overloaded function takes 6 arguments
     1>MYSQL.cpp(153): error C2661: 'Package::Package' : no overloaded function takes 8 arguments
     1>MYSQL.cpp(182): error C2661: 'Staff::Staff' : no overloaded function takes 3 arguments
         Package.cpp
         Product.cpp
         Project.cpp
     1>c:\users\me\documents\github\aoop\project\Form1.h(135): warning C4018: '<' : signed/unsigned mismatch
         PurchaseManage.cpp
         SaleSystemForm.cpp
         Staff1.cpp
         StoreInfo.cpp
         Supplier.cpp
         WareHouseForm.cpp
         WarehouseManage.cpp
         WarehouseManageUI.cpp
         Generating Code...
     1>Done Building Project "C:\Users\me\Documents\GitHub\AOOP\Project\Project.vcxproj" (build target(s)) -- FAILED.

Build FAILED.

Time Elapsed 00:00:09.29
